This file contains any messages produced by compilers while
running configure, to aid debugging if configure makes a mistake.

It was created by ansvif configure 1.3.5, which was
generated by GNU Autoconf 2.69.  Invocation command line was

  $ ./configure 

## --------- ##
## Platform. ##
## --------- ##

hostname = openbsd-testbed.PK5001Z
uname -m = amd64
uname -r = 5.8
uname -s = OpenBSD
uname -v = GENERIC#1170

/usr/bin/uname -p = amd64
/bin/uname -X     = unknown

/bin/arch              = unknown
/usr/bin/arch -k       = OpenBSD.amd64
/usr/convex/getsysinfo = unknown
/usr/bin/hostinfo      = unknown
/bin/machine           = unknown
/usr/bin/oslevel       = unknown
/bin/universe          = unknown

PATH: /home/marshall/bin
PATH: /bin
PATH: /sbin
PATH: /usr/bin
PATH: /usr/sbin
PATH: /usr/X11R6/bin
PATH: /usr/local/bin
PATH: /usr/local/sbin
PATH: /usr/games
PATH: .


## ----------- ##
## Core tests. ##
## ----------- ##

configure:2179: checking for a BSD-compatible install
configure:2247: result: /usr/bin/install -c
configure:2258: checking whether build environment is sane
configure:2313: result: yes
configure:2464: checking for a thread-safe mkdir -p
configure:2503: result: ./install-sh -c -d
configure:2510: checking for gawk
configure:2540: result: no
configure:2510: checking for mawk
configure:2540: result: no
configure:2510: checking for nawk
configure:2540: result: no
configure:2510: checking for awk
configure:2526: found /usr/bin/awk
configure:2537: result: awk
configure:2548: checking whether make sets $(MAKE)
configure:2570: result: yes
configure:2599: checking whether make supports nested variables
configure:2616: result: yes
configure:2790: checking for gcc
configure:2806: found /usr/bin/gcc
configure:2817: result: gcc
configure:3046: checking for C compiler version
configure:3055: gcc --version >&5
gcc (GCC) 4.2.1 20070719 
Copyright (C) 2007 Free Software Foundation, Inc.
This is free software; see the source for copying conditions.  There is NO
warranty; not even for MERCHANTABILITY or FITNESS FOR A PARTICULAR PURPOSE.

configure:3066: $? = 0
configure:3055: gcc -v >&5
Reading specs from /usr/lib/gcc-lib/amd64-unknown-openbsd5.8/4.2.1/specs
Target: amd64-unknown-openbsd5.8
Configured with: OpenBSD/amd64 system compiler
Thread model: posix
gcc version 4.2.1 20070719 
configure:3066: $? = 0
configure:3055: gcc -V >&5
gcc: '-V' option must have argument
configure:3066: $? = 1
configure:3055: gcc -qversion >&5
gcc: unrecognized option '-qversion'
gcc: no input files
configure:3066: $? = 1
configure:3086: checking whether the C compiler works
configure:3108: gcc    conftest.c  >&5
configure:3112: $? = 0
configure:3160: result: yes
configure:3163: checking for C compiler default output file name
configure:3165: result: a.out
configure:3171: checking for suffix of executables
configure:3178: gcc -o conftest    conftest.c  >&5
configure:3182: $? = 0
configure:3204: result: 
configure:3226: checking whether we are cross compiling
configure:3234: gcc -o conftest    conftest.c  >&5
configure:3238: $? = 0
configure:3245: ./conftest
configure:3249: $? = 0
configure:3264: result: no
configure:3269: checking for suffix of object files
configure:3291: gcc -c   conftest.c >&5
configure:3295: $? = 0
configure:3316: result: o
configure:3320: checking whether we are using the GNU C compiler
configure:3339: gcc -c   conftest.c >&5
configure:3339: $? = 0
configure:3348: result: yes
configure:3357: checking whether gcc accepts -g
configure:3377: gcc -c -g  conftest.c >&5
configure:3377: $? = 0
configure:3418: result: yes
configure:3435: checking for gcc option to accept ISO C89
configure:3498: gcc  -c -g -O2  conftest.c >&5
configure:3498: $? = 0
configure:3511: result: none needed
configure:3536: checking whether gcc understands -c and -o together
configure:3558: gcc -c conftest.c -o conftest2.o
configure:3561: $? = 0
configure:3558: gcc -c conftest.c -o conftest2.o
configure:3561: $? = 0
configure:3573: result: yes
configure:3601: checking for style of include used by make
configure:3629: result: GNU
configure:3655: checking dependency style of gcc
configure:3766: result: gcc3
configure:3893: checking for C++ compiler version
configure:3902: eg++ --version >&5
eg++ (GCC) 4.9.3
Copyright (C) 2015 Free Software Foundation, Inc.
This is free software; see the source for copying conditions.  There is NO
warranty; not even for MERCHANTABILITY or FITNESS FOR A PARTICULAR PURPOSE.

configure:3913: $? = 0
configure:3902: eg++ -v >&5
Using built-in specs.
COLLECT_GCC=eg++
COLLECT_LTO_WRAPPER=/usr/local/libexec/gcc/x86_64-unknown-openbsd5.8/4.9.3/lto-wrapper
Target: x86_64-unknown-openbsd5.8
Configured with: /usr/obj/gcc-4.9.3/gcc-4.9.3/configure --enable-libgcj --without-jar --verbose --program-transform-name='s,^,e,' --disable-nls --with-system-zlib --disable-libmudflap --disable-libgomp --disable-tls --with-as=/usr/bin/as --with-ld=/usr/bin/ld --with-gnu-ld --with-gnu-as --enable-threads=posix --enable-wchar_t --with-gmp=/usr/local --enable-languages=c,c++,fortran,objc,java,ada --disable-libstdcxx-pch --enable-cpp --enable-shared --prefix=/usr/local --sysconfdir=/etc --mandir=/usr/local/man --infodir=/usr/local/info --localstatedir=/var --disable-silent-rules --disable-gtk-doc
Thread model: posix
gcc version 4.9.3 (GCC) 
configure:3913: $? = 0
configure:3902: eg++ -V >&5
eg++: error: unrecognized command line option '-V'
eg++: fatal error: no input files
compilation terminated.
configure:3913: $? = 1
configure:3902: eg++ -qversion >&5
eg++: error: unrecognized command line option '-qversion'
eg++: fatal error: no input files
compilation terminated.
configure:3913: $? = 1
configure:3917: checking whether we are using the GNU C++ compiler
configure:3936: eg++ -c   conftest.cpp >&5
configure:3936: $? = 0
configure:3945: result: yes
configure:3954: checking whether eg++ accepts -g
configure:3974: eg++ -c -g  conftest.cpp >&5
configure:3974: $? = 0
configure:4015: result: yes
configure:4040: checking dependency style of eg++
configure:4151: result: gcc3
configure:4178: checking how to run the C++ preprocessor
configure:4205: eg++ -E  conftest.cpp
configure:4205: $? = 0
configure:4219: eg++ -E  conftest.cpp
conftest.cpp:11:28: fatal error: ac_nonexistent.h: No such file or directory
 #include <ac_nonexistent.h>
                            ^
compilation terminated.
configure:4219: $? = 1
configure: failed program was:
| /* confdefs.h */
| #define PACKAGE_NAME "ansvif"
| #define PACKAGE_TARNAME "ansvif"
| #define PACKAGE_VERSION "1.3.5"
| #define PACKAGE_STRING "ansvif 1.3.5"
| #define PACKAGE_BUGREPORT "marshallwhittaker@gmail.com"
| #define PACKAGE_URL ""
| #define PACKAGE "ansvif"
| #define VERSION "1.3.5"
| /* end confdefs.h.  */
| #include <ac_nonexistent.h>
configure:4244: result: eg++ -E
configure:4264: eg++ -E  conftest.cpp
configure:4264: $? = 0
configure:4278: eg++ -E  conftest.cpp
conftest.cpp:11:28: fatal error: ac_nonexistent.h: No such file or directory
 #include <ac_nonexistent.h>
                            ^
compilation terminated.
configure:4278: $? = 1
configure: failed program was:
| /* confdefs.h */
| #define PACKAGE_NAME "ansvif"
| #define PACKAGE_TARNAME "ansvif"
| #define PACKAGE_VERSION "1.3.5"
| #define PACKAGE_STRING "ansvif 1.3.5"
| #define PACKAGE_BUGREPORT "marshallwhittaker@gmail.com"
| #define PACKAGE_URL ""
| #define PACKAGE "ansvif"
| #define VERSION "1.3.5"
| /* end confdefs.h.  */
| #include <ac_nonexistent.h>
configure:4307: checking for grep that handles long lines and -e
configure:4365: result: /usr/bin/grep
configure:4370: checking for egrep
configure:4432: result: /usr/bin/grep -E
configure:4437: checking for ANSI C header files
configure:4457: eg++ -c -g -O2  conftest.cpp >&5
configure:4457: $? = 0
configure:4530: eg++ -o conftest -g -O2   conftest.cpp  >&5
configure:4530: $? = 0
configure:4530: ./conftest
configure:4530: $? = 0
configure:4541: result: yes
configure:4554: checking for sys/types.h
configure:4554: eg++ -c -g -O2  conftest.cpp >&5
configure:4554: $? = 0
configure:4554: result: yes
configure:4554: checking for sys/stat.h
configure:4554: eg++ -c -g -O2  conftest.cpp >&5
configure:4554: $? = 0
configure:4554: result: yes
configure:4554: checking for stdlib.h
configure:4554: eg++ -c -g -O2  conftest.cpp >&5
configure:4554: $? = 0
configure:4554: result: yes
configure:4554: checking for string.h
configure:4554: eg++ -c -g -O2  conftest.cpp >&5
configure:4554: $? = 0
configure:4554: result: yes
configure:4554: checking for memory.h
configure:4554: eg++ -c -g -O2  conftest.cpp >&5
configure:4554: $? = 0
configure:4554: result: yes
configure:4554: checking for strings.h
configure:4554: eg++ -c -g -O2  conftest.cpp >&5
configure:4554: $? = 0
configure:4554: result: yes
configure:4554: checking for inttypes.h
configure:4554: eg++ -c -g -O2  conftest.cpp >&5
configure:4554: $? = 0
configure:4554: result: yes
configure:4554: checking for stdint.h
configure:4554: eg++ -c -g -O2  conftest.cpp >&5
configure:4554: $? = 0
configure:4554: result: yes
configure:4554: checking for unistd.h
configure:4554: eg++ -c -g -O2  conftest.cpp >&5
configure:4554: $? = 0
configure:4554: result: yes
configure:4566: checking for size_t
configure:4566: eg++ -c -g -O2  conftest.cpp >&5
configure:4566: $? = 0
configure:4566: eg++ -c -g -O2  conftest.cpp >&5
conftest.cpp: In function 'int main()':
conftest.cpp:57:20: error: expected primary-expression before ')' token
 if (sizeof ((size_t)))
                    ^
configure:4566: $? = 1
configure: failed program was:
| /* confdefs.h */
| #define PACKAGE_NAME "ansvif"
| #define PACKAGE_TARNAME "ansvif"
| #define PACKAGE_VERSION "1.3.5"
| #define PACKAGE_STRING "ansvif 1.3.5"
| #define PACKAGE_BUGREPORT "marshallwhittaker@gmail.com"
| #define PACKAGE_URL ""
| #define PACKAGE "ansvif"
| #define VERSION "1.3.5"
| #define STDC_HEADERS 1
| #define HAVE_SYS_TYPES_H 1
| #define HAVE_SYS_STAT_H 1
| #define HAVE_STDLIB_H 1
| #define HAVE_STRING_H 1
| #define HAVE_MEMORY_H 1
| #define HAVE_STRINGS_H 1
| #define HAVE_INTTYPES_H 1
| #define HAVE_STDINT_H 1
| #define HAVE_UNISTD_H 1
| /* end confdefs.h.  */
| #include <stdio.h>
| #ifdef HAVE_SYS_TYPES_H
| # include <sys/types.h>
| #endif
| #ifdef HAVE_SYS_STAT_H
| # include <sys/stat.h>
| #endif
| #ifdef STDC_HEADERS
| # include <stdlib.h>
| # include <stddef.h>
| #else
| # ifdef HAVE_STDLIB_H
| #  include <stdlib.h>
| # endif
| #endif
| #ifdef HAVE_STRING_H
| # if !defined STDC_HEADERS && defined HAVE_MEMORY_H
| #  include <memory.h>
| # endif
| # include <string.h>
| #endif
| #ifdef HAVE_STRINGS_H
| # include <strings.h>
| #endif
| #ifdef HAVE_INTTYPES_H
| # include <inttypes.h>
| #endif
| #ifdef HAVE_STDINT_H
| # include <stdint.h>
| #endif
| #ifdef HAVE_UNISTD_H
| # include <unistd.h>
| #endif
| int
| main ()
| {
| if (sizeof ((size_t)))
| 	    return 0;
|   ;
|   return 0;
| }
configure:4566: result: yes
configure:4620: checking for ranlib
configure:4636: found /usr/bin/ranlib
configure:4647: result: ranlib
configure:4670: checking for ANSI C header files
configure:4774: result: yes
configure:4790: checking whether eg++ supports C++11 features by default
configure:5084: eg++ -c -g -O2  conftest.cpp >&5
conftest.cpp:33:2: error: #error "This is not a C++11 compiler"
 #error "This is not a C++11 compiler"
  ^
configure:5084: $? = 1
configure: failed program was:
| /* confdefs.h */
| #define PACKAGE_NAME "ansvif"
| #define PACKAGE_TARNAME "ansvif"
| #define PACKAGE_VERSION "1.3.5"
| #define PACKAGE_STRING "ansvif 1.3.5"
| #define PACKAGE_BUGREPORT "marshallwhittaker@gmail.com"
| #define PACKAGE_URL ""
| #define PACKAGE "ansvif"
| #define VERSION "1.3.5"
| #define STDC_HEADERS 1
| #define HAVE_SYS_TYPES_H 1
| #define HAVE_SYS_STAT_H 1
| #define HAVE_STDLIB_H 1
| #define HAVE_STRING_H 1
| #define HAVE_MEMORY_H 1
| #define HAVE_STRINGS_H 1
| #define HAVE_INTTYPES_H 1
| #define HAVE_STDINT_H 1
| #define HAVE_UNISTD_H 1
| #define STDC_HEADERS 1
| /* end confdefs.h.  */
| 
| 
| // If the compiler admits that it is not ready for C++11, why torture it?
| // Hopefully, this will speed up the test.
| 
| #ifndef __cplusplus
| 
| #error "This is not a C++ compiler"
| 
| #elif __cplusplus < 201103L
| 
| #error "This is not a C++11 compiler"
| 
| #else
| 
| namespace cxx11
| {
| 
|   namespace test_static_assert
|   {
| 
|     template <typename T>
|     struct check
|     {
|       static_assert(sizeof(int) <= sizeof(T), "not big enough");
|     };
| 
|   }
| 
|   namespace test_final_override
|   {
| 
|     struct Base
|     {
|       virtual void f() {}
|     };
| 
|     struct Derived : public Base
|     {
|       virtual void f() override {}
|     };
| 
|   }
| 
|   namespace test_double_right_angle_brackets
|   {
| 
|     template < typename T >
|     struct check {};
| 
|     typedef check<void> single_type;
|     typedef check<check<void>> double_type;
|     typedef check<check<check<void>>> triple_type;
|     typedef check<check<check<check<void>>>> quadruple_type;
| 
|   }
| 
|   namespace test_decltype
|   {
| 
|     int
|     f()
|     {
|       int a = 1;
|       decltype(a) b = 2;
|       return a + b;
|     }
| 
|   }
| 
|   namespace test_type_deduction
|   {
| 
|     template < typename T1, typename T2 >
|     struct is_same
|     {
|       static const bool value = false;
|     };
| 
|     template < typename T >
|     struct is_same<T, T>
|     {
|       static const bool value = true;
|     };
| 
|     template < typename T1, typename T2 >
|     auto
|     add(T1 a1, T2 a2) -> decltype(a1 + a2)
|     {
|       return a1 + a2;
|     }
| 
|     int
|     test(const int c, volatile int v)
|     {
|       static_assert(is_same<int, decltype(0)>::value == true, "");
|       static_assert(is_same<int, decltype(c)>::value == false, "");
|       static_assert(is_same<int, decltype(v)>::value == false, "");
|       auto ac = c;
|       auto av = v;
|       auto sumi = ac + av + 'x';
|       auto sumf = ac + av + 1.0;
|       static_assert(is_same<int, decltype(ac)>::value == true, "");
|       static_assert(is_same<int, decltype(av)>::value == true, "");
|       static_assert(is_same<int, decltype(sumi)>::value == true, "");
|       static_assert(is_same<int, decltype(sumf)>::value == false, "");
|       static_assert(is_same<int, decltype(add(c, v))>::value == true, "");
|       return (sumf > 0.0) ? sumi : add(c, v);
|     }
| 
|   }
| 
|   namespace test_noexcept
|   {
| 
|     int f() { return 0; }
|     int g() noexcept { return 0; }
| 
|     static_assert(noexcept(f()) == false, "");
|     static_assert(noexcept(g()) == true, "");
| 
|   }
| 
|   namespace test_constexpr
|   {
| 
|     template < typename CharT >
|     unsigned long constexpr
|     strlen_c_r(const CharT *const s, const unsigned long acc) noexcept
|     {
|       return *s ? strlen_c_r(s + 1, acc + 1) : acc;
|     }
| 
|     template < typename CharT >
|     unsigned long constexpr
|     strlen_c(const CharT *const s) noexcept
|     {
|       return strlen_c_r(s, 0UL);
|     }
| 
|     static_assert(strlen_c("") == 0UL, "");
|     static_assert(strlen_c("1") == 1UL, "");
|     static_assert(strlen_c("example") == 7UL, "");
|     static_assert(strlen_c("another\0example") == 7UL, "");
| 
|   }
| 
|   namespace test_rvalue_references
|   {
| 
|     template < int N >
|     struct answer
|     {
|       static constexpr int value = N;
|     };
| 
|     answer<1> f(int&)       { return answer<1>(); }
|     answer<2> f(const int&) { return answer<2>(); }
|     answer<3> f(int&&)      { return answer<3>(); }
| 
|     void
|     test()
|     {
|       int i = 0;
|       const int c = 0;
|       static_assert(decltype(f(i))::value == 1, "");
|       static_assert(decltype(f(c))::value == 2, "");
|       static_assert(decltype(f(0))::value == 3, "");
|     }
| 
|   }
| 
|   namespace test_uniform_initialization
|   {
| 
|     struct test
|     {
|       static const int zero {};
|       static const int one {1};
|     };
| 
|     static_assert(test::zero == 0, "");
|     static_assert(test::one == 1, "");
| 
|   }
| 
|   namespace test_lambdas
|   {
| 
|     void
|     test1()
|     {
|       auto lambda1 = [](){};
|       auto lambda2 = lambda1;
|       lambda1();
|       lambda2();
|     }
| 
|     int
|     test2()
|     {
|       auto a = [](int i, int j){ return i + j; }(1, 2);
|       auto b = []() -> int { return '0'; }();
|       auto c = [=](){ return a + b; }();
|       auto d = [&](){ return c; }();
|       auto e = [a, &b](int x) mutable {
|         const auto identity = [](int y){ return y; };
|         for (auto i = 0; i < a; ++i)
|           a += b--;
|         return x + identity(a + b);
|       }(0);
|       return a + b + c + d + e;
|     }
| 
|     int
|     test3()
|     {
|       const auto nullary = [](){ return 0; };
|       const auto unary = [](int x){ return x; };
|       using nullary_t = decltype(nullary);
|       using unary_t = decltype(unary);
|       const auto higher1st = [](nullary_t f){ return f(); };
|       const auto higher2nd = [unary](nullary_t f1){
|         return [unary, f1](unary_t f2){ return f2(unary(f1())); };
|       };
|       return higher1st(nullary) + higher2nd(nullary)(unary);
|     }
| 
|   }
| 
|   namespace test_variadic_templates
|   {
| 
|     template <int...>
|     struct sum;
| 
|     template <int N0, int... N1toN>
|     struct sum<N0, N1toN...>
|     {
|       static constexpr auto value = N0 + sum<N1toN...>::value;
|     };
| 
|     template <>
|     struct sum<>
|     {
|       static constexpr auto value = 0;
|     };
| 
|     static_assert(sum<>::value == 0, "");
|     static_assert(sum<1>::value == 1, "");
|     static_assert(sum<23>::value == 23, "");
|     static_assert(sum<1, 2>::value == 3, "");
|     static_assert(sum<5, 5, 11>::value == 21, "");
|     static_assert(sum<2, 3, 5, 7, 11, 13>::value == 41, "");
| 
|   }
| 
|   // http://stackoverflow.com/questions/13728184/template-aliases-and-sfinae
|   // Clang 3.1 fails with headers of libstd++ 4.8.3 when using std::function
|   // because of this.
|   namespace test_template_alias_sfinae
|   {
| 
|     struct foo {};
| 
|     template<typename T>
|     using member = typename T::member_type;
| 
|     template<typename T>
|     void func(...) {}
| 
|     template<typename T>
|     void func(member<T>*) {}
| 
|     void test();
| 
|     void test() { func<foo>(0); }
| 
|   }
| 
| }  // namespace cxx11
| 
| #endif  // __cplusplus >= 201103L
| 
| 
| 
configure:5091: result: no
configure:5100: checking whether eg++ supports C++11 features with -std=gnu++11
configure:5396: eg++ -std=gnu++11 -c -g -O2  conftest.cpp >&5
configure:5396: $? = 0
configure:5405: result: yes
configure:5757: checking string usability
configure:5757: eg++ -std=gnu++11 -c -g -O2  conftest.cpp >&5
configure:5757: $? = 0
configure:5757: result: yes
configure:5757: checking string presence
configure:5757: eg++ -E  conftest.cpp
configure:5757: $? = 0
configure:5757: result: yes
configure:5757: checking for string
configure:5757: result: yes
configure:5769: checking ipstream usability
configure:5769: eg++ -std=gnu++11 -c -g -O2  conftest.cpp >&5
conftest.cpp:57:20: fatal error: ipstream: No such file or directory
 #include <ipstream>
                    ^
compilation terminated.
configure:5769: $? = 1
configure: failed program was:
| /* confdefs.h */
| #define PACKAGE_NAME "ansvif"
| #define PACKAGE_TARNAME "ansvif"
| #define PACKAGE_VERSION "1.3.5"
| #define PACKAGE_STRING "ansvif 1.3.5"
| #define PACKAGE_BUGREPORT "marshallwhittaker@gmail.com"
| #define PACKAGE_URL ""
| #define PACKAGE "ansvif"
| #define VERSION "1.3.5"
| #define STDC_HEADERS 1
| #define HAVE_SYS_TYPES_H 1
| #define HAVE_SYS_STAT_H 1
| #define HAVE_STDLIB_H 1
| #define HAVE_STRING_H 1
| #define HAVE_MEMORY_H 1
| #define HAVE_STRINGS_H 1
| #define HAVE_INTTYPES_H 1
| #define HAVE_STDINT_H 1
| #define HAVE_UNISTD_H 1
| #define STDC_HEADERS 1
| #define HAVE_CXX11 1
| #define HAVE_STRING 1
| /* end confdefs.h.  */
| #include <stdio.h>
| #ifdef HAVE_SYS_TYPES_H
| # include <sys/types.h>
| #endif
| #ifdef HAVE_SYS_STAT_H
| # include <sys/stat.h>
| #endif
| #ifdef STDC_HEADERS
| # include <stdlib.h>
| # include <stddef.h>
| #else
| # ifdef HAVE_STDLIB_H
| #  include <stdlib.h>
| # endif
| #endif
| #ifdef HAVE_STRING_H
| # if !defined STDC_HEADERS && defined HAVE_MEMORY_H
| #  include <memory.h>
| # endif
| # include <string.h>
| #endif
| #ifdef HAVE_STRINGS_H
| # include <strings.h>
| #endif
| #ifdef HAVE_INTTYPES_H
| # include <inttypes.h>
| #endif
| #ifdef HAVE_STDINT_H
| # include <stdint.h>
| #endif
| #ifdef HAVE_UNISTD_H
| # include <unistd.h>
| #endif
| #include <ipstream>
configure:5769: result: no
configure:5769: checking ipstream presence
configure:5769: eg++ -E  conftest.cpp
conftest.cpp:24:20: fatal error: ipstream: No such file or directory
 #include <ipstream>
                    ^
compilation terminated.
configure:5769: $? = 1
configure: failed program was:
| /* confdefs.h */
| #define PACKAGE_NAME "ansvif"
| #define PACKAGE_TARNAME "ansvif"
| #define PACKAGE_VERSION "1.3.5"
| #define PACKAGE_STRING "ansvif 1.3.5"
| #define PACKAGE_BUGREPORT "marshallwhittaker@gmail.com"
| #define PACKAGE_URL ""
| #define PACKAGE "ansvif"
| #define VERSION "1.3.5"
| #define STDC_HEADERS 1
| #define HAVE_SYS_TYPES_H 1
| #define HAVE_SYS_STAT_H 1
| #define HAVE_STDLIB_H 1
| #define HAVE_STRING_H 1
| #define HAVE_MEMORY_H 1
| #define HAVE_STRINGS_H 1
| #define HAVE_INTTYPES_H 1
| #define HAVE_STDINT_H 1
| #define HAVE_UNISTD_H 1
| #define STDC_HEADERS 1
| #define HAVE_CXX11 1
| #define HAVE_STRING 1
| /* end confdefs.h.  */
| #include <ipstream>
configure:5769: result: no
configure:5769: checking for ipstream
configure:5769: result: no
configure:5781: checking lz usability
configure:5781: eg++ -std=gnu++11 -c -g -O2  conftest.cpp >&5
conftest.cpp:57:14: fatal error: lz: No such file or directory
 #include <lz>
              ^
compilation terminated.
configure:5781: $? = 1
configure: failed program was:
| /* confdefs.h */
| #define PACKAGE_NAME "ansvif"
| #define PACKAGE_TARNAME "ansvif"
| #define PACKAGE_VERSION "1.3.5"
| #define PACKAGE_STRING "ansvif 1.3.5"
| #define PACKAGE_BUGREPORT "marshallwhittaker@gmail.com"
| #define PACKAGE_URL ""
| #define PACKAGE "ansvif"
| #define VERSION "1.3.5"
| #define STDC_HEADERS 1
| #define HAVE_SYS_TYPES_H 1
| #define HAVE_SYS_STAT_H 1
| #define HAVE_STDLIB_H 1
| #define HAVE_STRING_H 1
| #define HAVE_MEMORY_H 1
| #define HAVE_STRINGS_H 1
| #define HAVE_INTTYPES_H 1
| #define HAVE_STDINT_H 1
| #define HAVE_UNISTD_H 1
| #define STDC_HEADERS 1
| #define HAVE_CXX11 1
| #define HAVE_STRING 1
| /* end confdefs.h.  */
| #include <stdio.h>
| #ifdef HAVE_SYS_TYPES_H
| # include <sys/types.h>
| #endif
| #ifdef HAVE_SYS_STAT_H
| # include <sys/stat.h>
| #endif
| #ifdef STDC_HEADERS
| # include <stdlib.h>
| # include <stddef.h>
| #else
| # ifdef HAVE_STDLIB_H
| #  include <stdlib.h>
| # endif
| #endif
| #ifdef HAVE_STRING_H
| # if !defined STDC_HEADERS && defined HAVE_MEMORY_H
| #  include <memory.h>
| # endif
| # include <string.h>
| #endif
| #ifdef HAVE_STRINGS_H
| # include <strings.h>
| #endif
| #ifdef HAVE_INTTYPES_H
| # include <inttypes.h>
| #endif
| #ifdef HAVE_STDINT_H
| # include <stdint.h>
| #endif
| #ifdef HAVE_UNISTD_H
| # include <unistd.h>
| #endif
| #include <lz>
configure:5781: result: no
configure:5781: checking lz presence
configure:5781: eg++ -E  conftest.cpp
conftest.cpp:24:14: fatal error: lz: No such file or directory
 #include <lz>
              ^
compilation terminated.
configure:5781: $? = 1
configure: failed program was:
| /* confdefs.h */
| #define PACKAGE_NAME "ansvif"
| #define PACKAGE_TARNAME "ansvif"
| #define PACKAGE_VERSION "1.3.5"
| #define PACKAGE_STRING "ansvif 1.3.5"
| #define PACKAGE_BUGREPORT "marshallwhittaker@gmail.com"
| #define PACKAGE_URL ""
| #define PACKAGE "ansvif"
| #define VERSION "1.3.5"
| #define STDC_HEADERS 1
| #define HAVE_SYS_TYPES_H 1
| #define HAVE_SYS_STAT_H 1
| #define HAVE_STDLIB_H 1
| #define HAVE_STRING_H 1
| #define HAVE_MEMORY_H 1
| #define HAVE_STRINGS_H 1
| #define HAVE_INTTYPES_H 1
| #define HAVE_STDINT_H 1
| #define HAVE_UNISTD_H 1
| #define STDC_HEADERS 1
| #define HAVE_CXX11 1
| #define HAVE_STRING 1
| /* end confdefs.h.  */
| #include <lz>
configure:5781: result: no
configure:5781: checking for lz
configure:5781: result: no
configure:5867: checking dependency style of gcc
configure:5978: result: gcc3
configure:5995: checking dependency style of eg++ -std=gnu++11
configure:6106: result: gcc3
configure:6309: checking that generated files are newer than configure
configure:6315: result: done
configure:6358: creating ./config.status

## ---------------------- ##
## Running config.status. ##
## ---------------------- ##

This file was extended by ansvif config.status 1.3.5, which was
generated by GNU Autoconf 2.69.  Invocation command line was

  CONFIG_FILES    = 
  CONFIG_HEADERS  = 
  CONFIG_LINKS    = 
  CONFIG_COMMANDS = 
  $ ./config.status 

on openbsd-testbed.PK5001Z

config.status:785: creating Makefile
config.status:957: executing depfiles commands

## ---------------- ##
## Cache variables. ##
## ---------------- ##

ac_cv_c_compiler_gnu=yes
ac_cv_cxx_compiler_gnu=yes
ac_cv_env_CCC_set=
ac_cv_env_CCC_value=
ac_cv_env_CC_set=
ac_cv_env_CC_value=
ac_cv_env_CFLAGS_set=
ac_cv_env_CFLAGS_value=
ac_cv_env_CPPFLAGS_set=
ac_cv_env_CPPFLAGS_value=
ac_cv_env_CXXCPP_set=
ac_cv_env_CXXCPP_value=
ac_cv_env_CXXFLAGS_set=
ac_cv_env_CXXFLAGS_value=
ac_cv_env_CXX_set=set
ac_cv_env_CXX_value=eg++
ac_cv_env_LDFLAGS_set=
ac_cv_env_LDFLAGS_value=
ac_cv_env_LIBS_set=
ac_cv_env_LIBS_value=
ac_cv_env_build_alias_set=
ac_cv_env_build_alias_value=
ac_cv_env_host_alias_set=
ac_cv_env_host_alias_value=
ac_cv_env_target_alias_set=
ac_cv_env_target_alias_value=
ac_cv_header_inttypes_h=yes
ac_cv_header_ipstream=no
ac_cv_header_lz=no
ac_cv_header_memory_h=yes
ac_cv_header_stdc=yes
ac_cv_header_stdint_h=yes
ac_cv_header_stdlib_h=yes
ac_cv_header_string=yes
ac_cv_header_string_h=yes
ac_cv_header_strings_h=yes
ac_cv_header_sys_stat_h=yes
ac_cv_header_sys_types_h=yes
ac_cv_header_unistd_h=yes
ac_cv_objext=o
ac_cv_path_EGREP='/usr/bin/grep -E'
ac_cv_path_GREP=/usr/bin/grep
ac_cv_path_install='/usr/bin/install -c'
ac_cv_prog_AWK=awk
ac_cv_prog_CXXCPP='eg++ -E'
ac_cv_prog_ac_ct_CC=gcc
ac_cv_prog_ac_ct_RANLIB=ranlib
ac_cv_prog_cc_c89=
ac_cv_prog_cc_g=yes
ac_cv_prog_cxx_g=yes
ac_cv_prog_make_make_set=yes
ac_cv_type_size_t=yes
am_cv_CC_dependencies_compiler_type=gcc3
am_cv_CXX_dependencies_compiler_type=gcc3
am_cv_make_support_nested_variables=yes
am_cv_prog_cc_c_o=yes
ax_cv_cxx_compile_cxx11=no
ax_cv_cxx_compile_cxx11__std_gnupp11=yes

## ----------------- ##
## Output variables. ##
## ----------------- ##

ACLOCAL='${SHELL} /home/marshall/Code/ansvif/missing aclocal-1.15'
AMDEPBACKSLASH='\'
AMDEP_FALSE='#'
AMDEP_TRUE=''
AMTAR='$${TAR-tar}'
AM_BACKSLASH='\'
AM_DEFAULT_V='$(AM_DEFAULT_VERBOSITY)'
AM_DEFAULT_VERBOSITY='1'
AM_V='$(V)'
AUTOCONF='${SHELL} /home/marshall/Code/ansvif/missing autoconf'
AUTOHEADER='${SHELL} /home/marshall/Code/ansvif/missing autoheader'
AUTOMAKE='${SHELL} /home/marshall/Code/ansvif/missing automake-1.15'
AWK='awk'
CC='gcc'
CCDEPMODE='depmode=gcc3'
CFLAGS='-g -O2'
CPPFLAGS=''
CXX='eg++ -std=gnu++11'
CXXCPP='eg++ -E'
CXXDEPMODE='depmode=gcc3'
CXXFLAGS='-g -O2'
CYGPATH_W='echo'
DEFS='-DPACKAGE_NAME=\"ansvif\" -DPACKAGE_TARNAME=\"ansvif\" -DPACKAGE_VERSION=\"1.3.5\" -DPACKAGE_STRING=\"ansvif\ 1.3.5\" -DPACKAGE_BUGREPORT=\"marshallwhittaker@gmail.com\" -DPACKAGE_URL=\"\" -DPACKAGE=\"ansvif\" -DVERSION=\"1.3.5\" -DSTDC_HEADERS=1 -DHAVE_SYS_TYPES_H=1 -DHAVE_SYS_STAT_H=1 -DHAVE_STDLIB_H=1 -DHAVE_STRING_H=1 -DHAVE_MEMORY_H=1 -DHAVE_STRINGS_H=1 -DHAVE_INTTYPES_H=1 -DHAVE_STDINT_H=1 -DHAVE_UNISTD_H=1 -DSTDC_HEADERS=1 -DHAVE_CXX11=1 -DHAVE_STRING=1 -DPACKAGE=\"ansvif\" -DVERSION=\"1.3.5\"'
DEPDIR='.deps'
ECHO_C=''
ECHO_N='-n'
ECHO_T=''
EGREP='/usr/bin/grep -E'
EXEEXT=''
GREP='/usr/bin/grep'
HAVE_CXX11='1'
INSTALL_DATA='${INSTALL} -m 644'
INSTALL_PROGRAM='${INSTALL}'
INSTALL_SCRIPT='${INSTALL}'
INSTALL_STRIP_PROGRAM='$(install_sh) -c -s'
LDFLAGS=''
LIBOBJS=''
LIBS=''
LTLIBOBJS=''
MAKEINFO='${SHELL} /home/marshall/Code/ansvif/missing makeinfo'
MKDIR_P='./install-sh -c -d'
OBJEXT='o'
PACKAGE='ansvif'
PACKAGE_BUGREPORT='marshallwhittaker@gmail.com'
PACKAGE_NAME='ansvif'
PACKAGE_STRING='ansvif 1.3.5'
PACKAGE_TARNAME='ansvif'
PACKAGE_URL=''
PACKAGE_VERSION='1.3.5'
PATH_SEPARATOR=':'
RANLIB='ranlib'
SET_MAKE=''
SHELL='/bin/sh'
STRIP=''
VERSION='1.3.5'
ac_ct_CC='gcc'
ac_ct_CXX=''
am__EXEEXT_FALSE=''
am__EXEEXT_TRUE='#'
am__fastdepCC_FALSE='#'
am__fastdepCC_TRUE=''
am__fastdepCXX_FALSE='#'
am__fastdepCXX_TRUE=''
am__include='include'
am__isrc=''
am__leading_dot='.'
am__nodep='_no'
am__quote=''
am__tar='$${TAR-tar} chof - "$$tardir"'
am__untar='$${TAR-tar} xf -'
bindir='${exec_prefix}/bin'
build_alias=''
datadir='${datarootdir}'
datarootdir='${prefix}/share'
docdir='${datarootdir}/doc/${PACKAGE_TARNAME}'
dvidir='${docdir}'
exec_prefix='${prefix}'
host_alias=''
htmldir='${docdir}'
includedir='${prefix}/include'
infodir='${datarootdir}/info'
install_sh='${SHELL} /home/marshall/Code/ansvif/install-sh'
libdir='${exec_prefix}/lib'
libexecdir='${exec_prefix}/libexec'
localedir='${datarootdir}/locale'
localstatedir='${prefix}/var'
mandir='${datarootdir}/man'
mkdir_p='$(MKDIR_P)'
oldincludedir='/usr/include'
pdfdir='${docdir}'
prefix='/usr/local'
program_transform_name='s,x,x,'
psdir='${docdir}'
sbindir='${exec_prefix}/sbin'
sharedstatedir='${prefix}/com'
sysconfdir='${prefix}/etc'
target_alias=''

## ----------- ##
## confdefs.h. ##
## ----------- ##

/* confdefs.h */
#define PACKAGE_NAME "ansvif"
#define PACKAGE_TARNAME "ansvif"
#define PACKAGE_VERSION "1.3.5"
#define PACKAGE_STRING "ansvif 1.3.5"
#define PACKAGE_BUGREPORT "marshallwhittaker@gmail.com"
#define PACKAGE_URL ""
#define PACKAGE "ansvif"
#define VERSION "1.3.5"
#define STDC_HEADERS 1
#define HAVE_SYS_TYPES_H 1
#define HAVE_SYS_STAT_H 1
#define HAVE_STDLIB_H 1
#define HAVE_STRING_H 1
#define HAVE_MEMORY_H 1
#define HAVE_STRINGS_H 1
#define HAVE_INTTYPES_H 1
#define HAVE_STDINT_H 1
#define HAVE_UNISTD_H 1
#define STDC_HEADERS 1
#define HAVE_CXX11 1
#define HAVE_STRING 1
#define PACKAGE "ansvif"
#define VERSION "1.3.5"

configure: exit 0

## ---------------------- ##
## Running config.status. ##
## ---------------------- ##

This file was extended by ansvif config.status 1.3.5, which was
generated by GNU Autoconf 2.69.  Invocation command line was

  CONFIG_FILES    = 
  CONFIG_HEADERS  = 
  CONFIG_LINKS    = 
  CONFIG_COMMANDS = 
  $ ./config.status Makefile depfiles

on openbsd-testbed.PK5001Z

config.status:785: creating Makefile
config.status:957: executing depfiles commands
